<?xml version="1.0" encoding="UTF-8"?>
<!-- Generated by org.testng.reporters.JUnitReportReporter -->
<testsuite hostname="LAPTOP-PU72DRL8" failures="0" tests="1" name="testsRestAssured.SoapXMLRequest" time="1.987" errors="0" timestamp="2023-07-09T19:39:13 SGT" skipped="0">
  <testcase classname="testsRestAssured.SoapXMLRequest" name="validateSoapXML" time="1.987"/>
</testsuite> <!-- testsRestAssured.SoapXMLRequest -->
