<?xml version="1.0" encoding="UTF-8"?>
<!-- Generated by org.testng.reporters.JUnitReportReporter -->
<testsuite hostname="LAPTOP-PU72DRL8" failures="0" tests="4" name="testsRestAssured.TestsOnLocalAPI" time="1.490" errors="0" timestamp="2023-07-09T17:28:50 SGT" skipped="0">
  <testcase classname="testsRestAssured.TestsOnLocalAPI" name="delete" time="1.218"/>
  <testcase classname="testsRestAssured.TestsOnLocalAPI" name="post" time="0.176"/>
  <testcase classname="testsRestAssured.TestsOnLocalAPI" name="patch" time="0.055"/>
  <testcase classname="testsRestAssured.TestsOnLocalAPI" name="put" time="0.041"/>
</testsuite> <!-- testsRestAssured.TestsOnLocalAPI -->
