<?xml version="1.0" encoding="UTF-8"?>
<!-- Generated by org.testng.reporters.JUnitReportReporter -->
<testsuite hostname="LAPTOP-PU72DRL8" failures="0" tests="1" name="testsRestAssured.TestOneEx" time="1.290" errors="0" timestamp="2023-07-09T14:16:13 SGT" skipped="0">
  <testcase classname="testsRestAssured.TestOneEx" name="test_one" time="1.290"/>
</testsuite> <!-- testsRestAssured.TestOneEx -->
