<?xml version="1.0" encoding="UTF-8"?>
<!-- Generated by org.testng.reporters.JUnitReportReporter -->
<testsuite hostname="LAPTOP-PU72DRL8" failures="0" tests="1" name="testsRestAssured.JSONSchemaValidator" time="1.775" errors="0" timestamp="2023-07-09T18:17:39 SGT" skipped="0">
  <testcase classname="testsRestAssured.JSONSchemaValidator" name="testGet" time="1.775"/>
</testsuite> <!-- testsRestAssured.JSONSchemaValidator -->
