<?xml version="1.0" encoding="UTF-8"?>
<!-- Generated by org.testng.reporters.JUnitReportReporter -->
<testsuite hostname="LAPTOP-PU72DRL8" failures="0" tests="3" name="testsRestAssured.PutPatchAndDeleteExamples" time="2.929" errors="0" timestamp="2023-07-09T14:32:38 SGT" skipped="0">
  <testcase classname="testsRestAssured.PutPatchAndDeleteExamples" name="testPut" time="0.533"/>
  <testcase classname="testsRestAssured.PutPatchAndDeleteExamples" name="testPatch" time="0.595"/>
  <testcase classname="testsRestAssured.PutPatchAndDeleteExamples" name="testDelete" time="1.801"/>
</testsuite> <!-- testsRestAssured.PutPatchAndDeleteExamples -->
