<?xml version="1.0" encoding="UTF-8"?>
<!-- Generated by org.testng.reporters.JUnitReportReporter -->
<testsuite hostname="LAPTOP-PU72DRL8" failures="0" tests="1" name="testsRestAssured.GetAndPostExamples" time="1.782" errors="0" timestamp="2023-07-09T14:19:29 SGT" skipped="0">
  <testcase classname="testsRestAssured.GetAndPostExamples" name="testPost" time="1.782"/>
</testsuite> <!-- testsRestAssured.GetAndPostExamples -->
